d:\schoolwork\cse165\metroidproject\jam\jam\visualc15\obj\glutapp_debug\vc142.pdb
d:\schoolwork\cse165\metroidproject\jam\jam\visualc15\obj\glutapp_debug\glutapp.pdb
d:\schoolwork\cse165\metroidproject\jam\jam\visualc15\obj\glutapp_debug\ad.obj
d:\schoolwork\cse165\metroidproject\jam\jam\visualc15\obj\glutapp_debug\animatedrect.obj
d:\schoolwork\cse165\metroidproject\jam\jam\visualc15\obj\glutapp_debug\app.obj
d:\schoolwork\cse165\metroidproject\jam\jam\visualc15\obj\glutapp_debug\app_main.obj
d:\schoolwork\cse165\metroidproject\jam\jam\visualc15\obj\glutapp_debug\game.obj
d:\schoolwork\cse165\metroidproject\jam\jam\visualc15\obj\glutapp_debug\glutapp.obj
d:\schoolwork\cse165\metroidproject\jam\jam\visualc15\obj\glutapp_debug\image_dxt.obj
d:\schoolwork\cse165\metroidproject\jam\jam\visualc15\obj\glutapp_debug\image_helper.obj
d:\schoolwork\cse165\metroidproject\jam\jam\visualc15\obj\glutapp_debug\rect.obj
d:\schoolwork\cse165\metroidproject\jam\jam\visualc15\obj\glutapp_debug\soil.obj
d:\schoolwork\cse165\metroidproject\jam\jam\visualc15\obj\glutapp_debug\source.obj
d:\schoolwork\cse165\metroidproject\jam\jam\visualc15\obj\glutapp_debug\stb_image_aug.obj
d:\schoolwork\cse165\metroidproject\jam\jam\visualc15\obj\glutapp_debug\texrect.obj
d:\schoolwork\cse165\metroidproject\jam\jam\visualc15\obj\glutapp_debug\textbox.obj
d:\schoolwork\cse165\metroidproject\jam\jam\visualc15\obj\glutapp_debug\timer.obj
d:\schoolwork\cse165\metroidproject\jam\jam\visualc15\obj\glutapp_debug\glutapp.ilk
d:\schoolwork\cse165\metroidproject\jam\jam\visualc15\obj\glutapp_debug\vc141.idb
d:\schoolwork\cse165\metroidproject\jam\jam\visualc15\obj\glutapp_debug\vc142.idb
d:\schoolwork\cse165\metroidproject\jam\jam\visualc15\obj\glutapp_debug\vc141.pdb
d:\schoolwork\cse165\metroidproject\jam\jam\visualc15\obj\glutapp_debug\glutapp.exe
d:\schoolwork\cse165\metroidproject\jam\jam\visualc15\obj\glutapp_debug\glutapp.tlog\cl.command.1.tlog
d:\schoolwork\cse165\metroidproject\jam\jam\visualc15\obj\glutapp_debug\glutapp.tlog\cl.write.1.tlog
d:\schoolwork\cse165\metroidproject\jam\jam\visualc15\obj\glutapp_debug\glutapp.tlog\link.command.1.tlog
d:\schoolwork\cse165\metroidproject\jam\jam\visualc15\obj\glutapp_debug\glutapp.tlog\link.read.1.tlog
d:\schoolwork\cse165\metroidproject\jam\jam\visualc15\obj\glutapp_debug\glutapp.tlog\link.write.1.tlog
